Using pre-set license
Built from '2021.3/staging' branch; Version is '2021.3.9f1 (ad3870b89536) revision 11352176'; Using compiler version '192829333'; Build Type 'Release'
OS: 'Windows 10  (10.0.19042) 64bit Education' Language: 'en' Physical Memory: 49057 MB
BatchMode: 1, IsHumanControllingUs: 0, StartBugReporterOnCrash: 0, Is64bit: 1, IsPro: 1

COMMAND LINE ARGUMENTS:
C:\Program Files\Unity\Unity-2021.3.9f1\Unity 2021.3.9f1\Editor\Unity.exe
-adb2
-batchMode
-noUpm
-name
AssetImportWorker0
-projectPath
Z:/SVN/Fall22/DES 214/ShotgunSquid/Proj 1/Unity Files
-logFile
Logs/AssetImportWorker0.log
-srvPort
64037
Successfully changed project path to: Z:/SVN/Fall22/DES 214/ShotgunSquid/Proj 1/Unity Files
Z:/SVN/Fall22/DES 214/ShotgunSquid/Proj 1/Unity Files
[UnityMemory] Configuration Parameters - Can be set up in boot.config
    "memorysetup-bucket-allocator-granularity=16"
    "memorysetup-bucket-allocator-bucket-count=8"
    "memorysetup-bucket-allocator-block-size=33554432"
    "memorysetup-bucket-allocator-block-count=8"
    "memorysetup-main-allocator-block-size=16777216"
    "memorysetup-thread-allocator-block-size=16777216"
    "memorysetup-gfx-main-allocator-block-size=16777216"
    "memorysetup-gfx-thread-allocator-block-size=16777216"
    "memorysetup-cache-allocator-block-size=4194304"
    "memorysetup-typetree-allocator-block-size=2097152"
    "memorysetup-profiler-bucket-allocator-granularity=16"
    "memorysetup-profiler-bucket-allocator-bucket-count=8"
    "memorysetup-profiler-bucket-allocator-block-size=33554432"
    "memorysetup-profiler-bucket-allocator-block-count=8"
    "memorysetup-profiler-allocator-block-size=16777216"
    "memorysetup-profiler-editor-allocator-block-size=1048576"
    "memorysetup-temp-allocator-size-main=16777216"
    "memorysetup-job-temp-allocator-block-size=2097152"
    "memorysetup-job-temp-allocator-block-size-background=1048576"
    "memorysetup-job-temp-allocator-reduction-small-platforms=262144"
    "memorysetup-temp-allocator-size-background-worker=32768"
    "memorysetup-temp-allocator-size-job-worker=262144"
    "memorysetup-temp-allocator-size-preload-manager=33554432"
    "memorysetup-temp-allocator-size-nav-mesh-worker=65536"
    "memorysetup-temp-allocator-size-audio-worker=65536"
    "memorysetup-temp-allocator-size-cloud-worker=32768"
    "memorysetup-temp-allocator-size-gi-baking-worker=262144"
    "memorysetup-temp-allocator-size-gfx=262144"
Refreshing native plugins compatible for Editor in 46.17 ms, found 2 plugins.
Preloading 0 native plugins for Editor in 0.00 ms.
Initialize engine version: 2021.3.9f1 (ad3870b89536)
[Subsystems] Discovering subsystems at path C:/Program Files/Unity/Unity-2021.3.9f1/Unity 2021.3.9f1/Editor/Data/Resources/UnitySubsystems
[Subsystems] Discovering subsystems at path Z:/SVN/Fall22/DES 214/ShotgunSquid/Proj 1/Unity Files/Assets
GfxDevice: creating device client; threaded=0; jobified=0
Direct3D:
    Version:  Direct3D 11.0 [level 11.1]
    Renderer: NVIDIA GeForce RTX 2060 SUPER (ID=0x1f06)
    Vendor:   NVIDIA
    VRAM:     8031 MB
    Driver:   31.0.15.1694
Initialize mono
Mono path[0] = 'C:/Program Files/Unity/Unity-2021.3.9f1/Unity 2021.3.9f1/Editor/Data/Managed'
Mono path[1] = 'C:/Program Files/Unity/Unity-2021.3.9f1/Unity 2021.3.9f1/Editor/Data/MonoBleedingEdge/lib/mono/unityjit-win32'
Mono config path = 'C:/Program Files/Unity/Unity-2021.3.9f1/Unity 2021.3.9f1/Editor/Data/MonoBleedingEdge/etc'
Using monoOptions --debugger-agent=transport=dt_socket,embedding=1,server=y,suspend=n,address=127.0.0.1:56072
Begin MonoManager ReloadAssembly
Registering precompiled unity dll's ...
Register platform support module: C:/Program Files/Unity/Unity-2021.3.9f1/Unity 2021.3.9f1/Editor/Data/PlaybackEngines/WindowsStandaloneSupport/UnityEditor.WindowsStandalone.Extensions.dll
Registered in 0.009069 seconds.
Native extension for WindowsStandalone target not found
Refreshing native plugins compatible for Editor in 41.09 ms, found 2 plugins.
Preloading 0 native plugins for Editor in 0.00 ms.
Mono: successfully reloaded assembly
- Completed reload, in  0.612 seconds
Domain Reload Profiling:
	ReloadAssembly (613ms)
		BeginReloadAssembly (72ms)
			ExecutionOrderSort (0ms)
			DisableScriptedObjects (0ms)
			BackupInstance (0ms)
			ReleaseScriptingObjects (0ms)
			CreateAndSetChildDomain (1ms)
		EndReloadAssembly (423ms)
			LoadAssemblies (70ms)
			RebuildTransferFunctionScriptingTraits (0ms)
			SetupTypeCache (100ms)
			ReleaseScriptCaches (0ms)
			RebuildScriptCaches (29ms)
			SetupLoadedEditorAssemblies (239ms)
				LogAssemblyErrors (0ms)
				InitializePlatformSupportModulesInManaged (9ms)
				SetLoadedEditorAssemblies (0ms)
				RefreshPlugins (41ms)
				BeforeProcessingInitializeOnLoad (2ms)
				ProcessInitializeOnLoadAttributes (136ms)
				ProcessInitializeOnLoadMethodAttributes (51ms)
				AfterProcessingInitializeOnLoad (0ms)
				EditorAssembliesLoaded (0ms)
			ExecutionOrderSort2 (0ms)
			AwakeInstancesAfterBackupRestoration (0ms)
Platform modules already initialized, skipping
Registering precompiled user dll's ...
Registered in 0.002775 seconds.
Begin MonoManager ReloadAssembly
Native extension for WindowsStandalone target not found
Refreshing native plugins compatible for Editor in 0.70 ms, found 2 plugins.
Preloading 0 native plugins for Editor in 0.00 ms.
Package Manager log level set to [2]
Mono: successfully reloaded assembly
- Completed reload, in  1.013 seconds
Domain Reload Profiling:
	ReloadAssembly (1013ms)
		BeginReloadAssembly (105ms)
			ExecutionOrderSort (0ms)
			DisableScriptedObjects (5ms)
			BackupInstance (0ms)
			ReleaseScriptingObjects (0ms)
			CreateAndSetChildDomain (18ms)
		EndReloadAssembly (803ms)
			LoadAssemblies (69ms)
			RebuildTransferFunctionScriptingTraits (0ms)
			SetupTypeCache (174ms)
			ReleaseScriptCaches (1ms)
			RebuildScriptCaches (52ms)
			SetupLoadedEditorAssemblies (471ms)
				LogAssemblyErrors (0ms)
				InitializePlatformSupportModulesInManaged (5ms)
				SetLoadedEditorAssemblies (0ms)
				RefreshPlugins (1ms)
				BeforeProcessingInitializeOnLoad (79ms)
				ProcessInitializeOnLoadAttributes (222ms)
				ProcessInitializeOnLoadMethodAttributes (156ms)
				AfterProcessingInitializeOnLoad (8ms)
				EditorAssembliesLoaded (0ms)
			ExecutionOrderSort2 (0ms)
			AwakeInstancesAfterBackupRestoration (6ms)
Platform modules already initialized, skipping
========================================================================
Worker process is ready to serve import requests
Launched and connected shader compiler UnityShaderCompiler.exe after 0.04 seconds
Refreshing native plugins compatible for Editor in 0.75 ms, found 2 plugins.
Preloading 0 native plugins for Editor in 0.00 ms.
Unloading 2441 Unused Serialized files (Serialized files now loaded: 0)
Unloading 60 unused Assets / (56.7 KB). Loaded Objects now: 2876.
Memory consumption went from 94.4 MB to 94.3 MB.
Total: 7.205600 ms (FindLiveObjects: 0.287300 ms CreateObjectMapping: 0.100300 ms MarkObjects: 6.714500 ms  DeleteObjects: 0.102200 ms)

AssetImportParameters requested are different than current active one (requested -> active):
  custom:video-decoder-ogg-theora: a1e56fd34408186e4bbccfd4996cb3dc -> 
  custom:container-muxer-webm: aa71ff27fc2769a1b78a27578f13a17b -> 
  custom:container-demuxer-webm: 4f35f7cbe854078d1ac9338744f61a02 -> 
  custom:video-encoder-webm-vp8: eb34c28f22e8b96e1ab97ce403110664 -> 
  custom:audio-encoder-webm-vorbis: bf7c407c2cedff20999df2af8eb42d56 -> 
  custom:framework-win-MediaFoundation: 216162199b28c13a410421893ffa2e32 -> 
  custom:container-demuxer-ogg: 62fdf1f143b41e24485cea50d1cbac27 -> 
  custom:video-decoder-webm-vp8: 9c59270c3fd7afecdb556c50c9e8de78 -> 
  custom:audio-decoder-ogg-vorbis: bf7c407c2cedff20999df2af8eb42d56 -> 
========================================================================
Received Import Request.
  Time since last request: 584161.757516 seconds.
  path: Assets/Sprites/CustomSprites/moveStimKey.png
  artifactKey: Guid(631daf8f90f36e74b94431b734da0642) Importer(815301076,1909f56bfc062723c751e8b465ee728b)
Start importing Assets/Sprites/CustomSprites/moveStimKey.png using Guid(631daf8f90f36e74b94431b734da0642) Importer(815301076,1909f56bfc062723c751e8b465ee728b)  -> (artifact id: '47568079bcdf25cfea46beab39a77839') in 0.351367 seconds 
========================================================================
Received Import Request.
  Time since last request: 0.000018 seconds.
  path: Assets/Sprites/CustomSprites/player.png
  artifactKey: Guid(e5cf56b44e4acec4cbb586479bccd4d1) Importer(815301076,1909f56bfc062723c751e8b465ee728b)
Start importing Assets/Sprites/CustomSprites/player.png using Guid(e5cf56b44e4acec4cbb586479bccd4d1) Importer(815301076,1909f56bfc062723c751e8b465ee728b)  -> (artifact id: '4b28ffd8bcd114859fad99354b70972c') in 0.026703 seconds 
========================================================================
Received Import Request.
  Time since last request: 0.000037 seconds.
  path: Assets/Sprites/CustomSprites/background.png
  artifactKey: Guid(920402a130779de4d9d22f69d5da3eea) Importer(815301076,1909f56bfc062723c751e8b465ee728b)
Start importing Assets/Sprites/CustomSprites/background.png using Guid(920402a130779de4d9d22f69d5da3eea) Importer(815301076,1909f56bfc062723c751e8b465ee728b)  -> (artifact id: '0b763a1a257af6eaf4de6681d0ad2baf') in 0.178354 seconds 
========================================================================
Received Import Request.
  Time since last request: 0.000021 seconds.
  path: Assets/Sprites/CustomSprites/floorTilesNew.png
  artifactKey: Guid(e735d415b8046bc4ca4bdad4f73b3b6f) Importer(815301076,1909f56bfc062723c751e8b465ee728b)
Start importing Assets/Sprites/CustomSprites/floorTilesNew.png using Guid(e735d415b8046bc4ca4bdad4f73b3b6f) Importer(815301076,1909f56bfc062723c751e8b465ee728b)  -> (artifact id: '6abcf6087a36cc294b73e4ae8e294984') in 0.094238 seconds 
========================================================================
Received Import Request.
  Time since last request: 0.000032 seconds.
  path: Assets/Sprites/CustomSprites/healthBar_meter.png
  artifactKey: Guid(f6513c2bbab5bc74195e77f49a439f99) Importer(815301076,1909f56bfc062723c751e8b465ee728b)
Start importing Assets/Sprites/CustomSprites/healthBar_meter.png using Guid(f6513c2bbab5bc74195e77f49a439f99) Importer(815301076,1909f56bfc062723c751e8b465ee728b)  -> (artifact id: '057634adba721ec8600a0b4f0a27d7c7') in 0.021687 seconds 
========================================================================
Received Import Request.
  Time since last request: 0.000029 seconds.
  path: Assets/Sprites/CustomSprites/partsBar_frame.png
  artifactKey: Guid(12e3e90086aed9a4cbe5ebde77aef028) Importer(815301076,1909f56bfc062723c751e8b465ee728b)
Start importing Assets/Sprites/CustomSprites/partsBar_frame.png using Guid(12e3e90086aed9a4cbe5ebde77aef028) Importer(815301076,1909f56bfc062723c751e8b465ee728b)  -> (artifact id: '79a7ca944b5963a2c59574270dfe3521') in 0.021353 seconds 
========================================================================
Received Import Request.
  Time since last request: 0.000016 seconds.
  path: Assets/Sprites/CustomSprites/stimsSprite.png
  artifactKey: Guid(e189fd496130ff244adaaf7676472513) Importer(815301076,1909f56bfc062723c751e8b465ee728b)
Start importing Assets/Sprites/CustomSprites/stimsSprite.png using Guid(e189fd496130ff244adaaf7676472513) Importer(815301076,1909f56bfc062723c751e8b465ee728b)  -> (artifact id: '8bff31bfb668ce6ebed65f24cecdf202') in 0.017652 seconds 
========================================================================
Received Import Request.
  Time since last request: 0.000017 seconds.
  path: Assets/Sprites/CustomSprites/healthBar_frame.png
  artifactKey: Guid(11d6f293d50040e438f369a6f40cbb84) Importer(815301076,1909f56bfc062723c751e8b465ee728b)
Start importing Assets/Sprites/CustomSprites/healthBar_frame.png using Guid(11d6f293d50040e438f369a6f40cbb84) Importer(815301076,1909f56bfc062723c751e8b465ee728b)  -> (artifact id: '26e970f4c5fb26f525871c8b3c6e4627') in 0.020321 seconds 
========================================================================
Received Import Request.
  Time since last request: 0.000017 seconds.
  path: Assets/Sprites/CustomSprites/noSentrySheet.png
  artifactKey: Guid(84ecd184e8d759640ac2dde71d6a5480) Importer(815301076,1909f56bfc062723c751e8b465ee728b)
Start importing Assets/Sprites/CustomSprites/noSentrySheet.png using Guid(84ecd184e8d759640ac2dde71d6a5480) Importer(815301076,1909f56bfc062723c751e8b465ee728b)  -> (artifact id: '6460f1eece075dab6b5065ef97608d02') in 0.059661 seconds 
========================================================================
Received Import Request.
  Time since last request: 0.000022 seconds.
  path: Assets/Sprites/CustomSprites/muzzleFlash.png
  artifactKey: Guid(0fddc026f946d1545b47e6b11458e1e7) Importer(815301076,1909f56bfc062723c751e8b465ee728b)
Start importing Assets/Sprites/CustomSprites/muzzleFlash.png using Guid(0fddc026f946d1545b47e6b11458e1e7) Importer(815301076,1909f56bfc062723c751e8b465ee728b)  -> (artifact id: '52f1ffe52237c1c60d752af7a7a3913a') in 0.021572 seconds 
========================================================================
Received Import Request.
  Time since last request: 0.000033 seconds.
  path: Assets/Sprites/CustomSprites/partBar_meter.png
  artifactKey: Guid(3b687429646957f4da02198ea6482393) Importer(815301076,1909f56bfc062723c751e8b465ee728b)
Start importing Assets/Sprites/CustomSprites/partBar_meter.png using Guid(3b687429646957f4da02198ea6482393) Importer(815301076,1909f56bfc062723c751e8b465ee728b)  -> (artifact id: '3f65e24d907e37ae5c04c7e1b75bae02') in 0.021503 seconds 
========================================================================
Received Import Request.
  Time since last request: 0.000019 seconds.
  path: Assets/Sprites/CustomSprites/onCooldownSheet.png
  artifactKey: Guid(c3004faa8fa76d04da96bb002e4aff0c) Importer(815301076,1909f56bfc062723c751e8b465ee728b)
Start importing Assets/Sprites/CustomSprites/onCooldownSheet.png using Guid(c3004faa8fa76d04da96bb002e4aff0c) Importer(815301076,1909f56bfc062723c751e8b465ee728b)  -> (artifact id: '3015a07080ec915b628106452c03a578') in 0.040819 seconds 
========================================================================
Received Import Request.
  Time since last request: 0.000022 seconds.
  path: Assets/Sprites/CustomSprites/nosLogo.png
  artifactKey: Guid(fb971089c96b8da478842d9fb2f8a5dc) Importer(815301076,1909f56bfc062723c751e8b465ee728b)
Start importing Assets/Sprites/CustomSprites/nosLogo.png using Guid(fb971089c96b8da478842d9fb2f8a5dc) Importer(815301076,1909f56bfc062723c751e8b465ee728b)  -> (artifact id: '6fc7353ca22ae44711dcb5485174e610') in 0.018798 seconds 
========================================================================
Received Import Request.
  Time since last request: 0.000099 seconds.
  path: Assets/Sprites/CustomSprites/noTile.png
  artifactKey: Guid(accd48478513a0641b16893c91f459a2) Importer(815301076,1909f56bfc062723c751e8b465ee728b)
Start importing Assets/Sprites/CustomSprites/noTile.png using Guid(accd48478513a0641b16893c91f459a2) Importer(815301076,1909f56bfc062723c751e8b465ee728b)  -> (artifact id: '7910a223ab6f06e0b7b6c4a129e10c6d') in 0.018949 seconds 
Editor requested this worker to shutdown with reason: Scaling down because of idle timeout
AssetImportWorker is now disconnected from the server
Process exiting
Exiting without the bug reporter. Application will terminate with return code 0